2003.10.07 15:48 B D:\resume\achbuttonactive.gif --> ftp.sambartlett.id.au /resume/resume achbuttonactive.gif
2003.10.07 15:48 B D:\resume\achbuttoninactive.gif --> ftp.sambartlett.id.au /resume/resume achbuttoninactive.gif
2003.10.07 15:48 B D:\resume\achievments.html --> ftp.sambartlett.id.au /resume/resume achievments.html
2003.10.07 15:48 B D:\resume\bluepage.html --> ftp.sambartlett.id.au /resume/resume bluepage.html
2003.10.07 15:48 B D:\resume\cornice.gif --> ftp.sambartlett.id.au /resume/resume cornice.gif
2003.10.07 15:48 B D:\resume\cornicebotleft.gif --> ftp.sambartlett.id.au /resume/resume cornicebotleft.gif
2003.10.07 15:48 B D:\resume\cornicebotrigh.gif --> ftp.sambartlett.id.au /resume/resume cornicebotrigh.gif
2003.10.07 15:48 B D:\resume\corniceright.gif --> ftp.sambartlett.id.au /resume/resume corniceright.gif
2003.10.07 15:48 B D:\resume\edubuttonactive.gif --> ftp.sambartlett.id.au /resume/resume edubuttonactive.gif
2003.10.07 15:48 B D:\resume\edubuttoninactive.gif --> ftp.sambartlett.id.au /resume/resume edubuttoninactive.gif
2003.10.07 15:49 B D:\resume\achbuttonactive.gif --> ftp.sambartlett.id.au /resume achbuttonactive.gif
2003.10.07 15:49 B D:\resume\achbuttoninactive.gif --> ftp.sambartlett.id.au /resume achbuttoninactive.gif
2003.10.07 15:49 B D:\resume\achievments.html --> ftp.sambartlett.id.au /resume achievments.html
2003.10.07 15:49 B D:\resume\bluepage.html --> ftp.sambartlett.id.au /resume bluepage.html
2003.10.07 15:49 B D:\resume\cornice.gif --> ftp.sambartlett.id.au /resume cornice.gif
2003.10.07 15:49 B D:\resume\cornicebotleft.gif --> ftp.sambartlett.id.au /resume cornicebotleft.gif
2003.10.07 15:49 B D:\resume\cornicebotrigh.gif --> ftp.sambartlett.id.au /resume cornicebotrigh.gif
2003.10.07 15:49 B D:\resume\corniceright.gif --> ftp.sambartlett.id.au /resume corniceright.gif
2003.10.07 15:49 B D:\resume\edubuttonactive.gif --> ftp.sambartlett.id.au /resume edubuttonactive.gif
2003.10.07 15:49 B D:\resume\edubuttoninactive.gif --> ftp.sambartlett.id.au /resume edubuttoninactive.gif
2003.10.07 15:49 B D:\resume\education.html --> ftp.sambartlett.id.au /resume education.html
2003.10.07 15:49 B D:\resume\expbuttonactive.gif --> ftp.sambartlett.id.au /resume expbuttonactive.gif
2003.10.07 15:49 B D:\resume\expbuttoninactive.gif --> ftp.sambartlett.id.au /resume expbuttoninactive.gif
2003.10.07 15:49 B D:\resume\experience.html --> ftp.sambartlett.id.au /resume experience.html
2003.10.07 15:49 B D:\resume\headerpage.html --> ftp.sambartlett.id.au /resume headerpage.html
2003.10.07 15:49 B D:\resume\index.html --> ftp.sambartlett.id.au /resume index.html
2003.10.07 15:49 B D:\resume\intbuttonactive.gif --> ftp.sambartlett.id.au /resume intbuttonactive.gif
2003.10.07 15:49 B D:\resume\intbuttoninactive.gif --> ftp.sambartlett.id.au /resume intbuttoninactive.gif
2003.10.07 15:49 B D:\resume\interests.html --> ftp.sambartlett.id.au /resume interests.html
2003.10.07 15:49 B D:\resume\meanim2.gif --> ftp.sambartlett.id.au /resume meanim2.gif
2003.10.07 15:49 B D:\resume\refbuttonactive.gif --> ftp.sambartlett.id.au /resume refbuttonactive.gif
2003.10.07 15:49 B D:\resume\refbuttoninactive.gif --> ftp.sambartlett.id.au /resume refbuttoninactive.gif
2003.10.07 15:49 B D:\resume\references.html --> ftp.sambartlett.id.au /resume references.html
2003.10.07 15:49 B D:\resume\title.gif --> ftp.sambartlett.id.au /resume title.gif
2003.10.07 15:50 B D:\resume\titlebuttonactive.gif --> ftp.sambartlett.id.au /resume titlebuttonactive.gif
2003.10.07 15:50 B D:\resume\titlebuttoninactive.gif --> ftp.sambartlett.id.au /resume titlebuttoninactive.gif
2003.10.07 15:50 B D:\resume\titlepage.html --> ftp.sambartlett.id.au /resume titlepage.html
2003.10.07 15:50 B D:\resume\WS_FTP.LOG --> ftp.sambartlett.id.au /resume WS_FTP.LOG
2003.10.07 15:59 B D:\resume\achievments.html --> ftp.sambartlett.id.au /resume achievments.html
2003.10.07 16:00 B D:\resume\achievments.html --> ftp.sambartlett.id.au /resume achievments.html
2003.10.07 16:01 B D:\resume\interests.html --> ftp.sambartlett.id.au /resume interests.html
2003.10.12 16:06 B D:\resume\achievments.html --> ftp.sambartlett.id.au /resume achievments.html
2003.10.12 16:06 B D:\resume\bluepage.html --> ftp.sambartlett.id.au /resume bluepage.html
2003.10.12 16:06 B D:\resume\cornice.gif --> ftp.sambartlett.id.au /resume cornice.gif
2003.10.12 16:06 B D:\resume\cornicebotleft.gif --> ftp.sambartlett.id.au /resume cornicebotleft.gif
2003.10.12 16:06 B D:\resume\cornicebotrigh.gif --> ftp.sambartlett.id.au /resume cornicebotrigh.gif
2003.10.12 16:06 B D:\resume\corniceright.gif --> ftp.sambartlett.id.au /resume corniceright.gif
2003.10.12 16:06 B D:\resume\education.html --> ftp.sambartlett.id.au /resume education.html
2003.10.12 16:06 B D:\resume\experience.html --> ftp.sambartlett.id.au /resume experience.html
2003.10.12 16:06 B D:\resume\headerpage.html --> ftp.sambartlett.id.au /resume headerpage.html
2003.10.12 16:06 B D:\resume\index.html --> ftp.sambartlett.id.au /resume index.html
2003.10.12 16:06 B D:\resume\interests.html --> ftp.sambartlett.id.au /resume interests.html
2003.10.12 16:06 B D:\resume\references.html --> ftp.sambartlett.id.au /resume references.html
2003.10.12 16:06 B D:\resume\Thumbs.db --> ftp.sambartlett.id.au /resume Thumbs.db
2003.10.12 16:06 B D:\resume\title.gif --> ftp.sambartlett.id.au /resume title.gif
2003.10.12 16:06 B D:\resume\titlepage.html --> ftp.sambartlett.id.au /resume titlepage.html
2003.10.12 16:06 B D:\resume\WS_FTP.LOG --> ftp.sambartlett.id.au /resume WS_FTP.LOG
2003.10.12 16:19 B D:\resume\headerpage.html --> ftp.sambartlett.id.au /resume headerpage.html
2003.10.12 16:19 B D:\resume\bluepage.html --> ftp.sambartlett.id.au /resume bluepage.html
2003.10.12 16:21 B D:\resume\index.html --> ftp.sambartlett.id.au /resume index.html
2003.10.12 16:45 B D:\resume\titlebuttoninactive.gif --> ftp.sambartlett.id.au /resume titlebuttoninactive.gif
2003.10.12 16:45 B D:\resume\titlebuttonactive.gif --> ftp.sambartlett.id.au /resume titlebuttonactive.gif
2003.10.12 18:17 B D:\resume\achbuttonactive.gif --> ftp.sambartlett.id.au /resume achbuttonactive.gif
2003.10.12 18:17 B D:\resume\achbuttoninactive.gif --> ftp.sambartlett.id.au /resume achbuttoninactive.gif
2003.10.12 18:17 B D:\resume\cornice.gif --> ftp.sambartlett.id.au /resume cornice.gif
2003.10.12 18:17 B D:\resume\cornicebotleft.gif --> ftp.sambartlett.id.au /resume cornicebotleft.gif
2003.10.12 18:17 B D:\resume\cornicebotrigh.gif --> ftp.sambartlett.id.au /resume cornicebotrigh.gif
2003.10.12 18:17 B D:\resume\corniceright.gif --> ftp.sambartlett.id.au /resume corniceright.gif
2003.10.12 18:17 B D:\resume\edubuttonactive.gif --> ftp.sambartlett.id.au /resume edubuttonactive.gif
2003.10.12 18:17 B D:\resume\edubuttoninactive.gif --> ftp.sambartlett.id.au /resume edubuttoninactive.gif
2003.10.12 18:17 B D:\resume\expbuttonactive.gif --> ftp.sambartlett.id.au /resume expbuttonactive.gif
2003.10.12 18:17 B D:\resume\expbuttoninactive.gif --> ftp.sambartlett.id.au /resume expbuttoninactive.gif
2003.10.12 18:17 B D:\resume\headerpage.html --> ftp.sambartlett.id.au /resume headerpage.html
2003.10.12 18:17 B D:\resume\intbuttonactive.gif --> ftp.sambartlett.id.au /resume intbuttonactive.gif
2003.10.12 18:17 B D:\resume\intbuttoninactive.gif --> ftp.sambartlett.id.au /resume intbuttoninactive.gif
2003.10.12 18:17 B D:\resume\leftbuff.gif --> ftp.sambartlett.id.au /resume leftbuff.gif
2003.10.12 18:17 B D:\resume\refbuttonactive.gif --> ftp.sambartlett.id.au /resume refbuttonactive.gif
2003.10.12 18:17 B D:\resume\refbuttoninactive.gif --> ftp.sambartlett.id.au /resume refbuttoninactive.gif
2003.10.12 18:17 B D:\resume\rightbuff.gif --> ftp.sambartlett.id.au /resume rightbuff.gif
2003.10.12 18:18 B D:\resume\Thumbs.db --> ftp.sambartlett.id.au /resume Thumbs.db
2003.10.12 18:18 B D:\resume\titlebuttonactive.gif --> ftp.sambartlett.id.au /resume titlebuttonactive.gif
2003.10.12 18:18 B D:\resume\titlebuttoninactive.gif --> ftp.sambartlett.id.au /resume titlebuttoninactive.gif
2003.10.12 18:18 B D:\resume\WS_FTP.LOG --> ftp.sambartlett.id.au /resume WS_FTP.LOG
2003.10.12 18:30 B D:\resume\education.html --> ftp.sambartlett.id.au /resume education.html
2003.10.12 18:35 B D:\resume\references.html --> ftp.sambartlett.id.au /resume references.html
2003.10.12 18:37 B D:\resume\references.html --> ftp.sambartlett.id.au /resume references.html
2003.10.16 14:19 B D:\resume\achievments.html --> ftp.sambartlett.id.au /resume achievments.html
2003.10.16 14:19 B D:\resume\education.html --> ftp.sambartlett.id.au /resume education.html
2003.10.16 14:19 B D:\resume\experience.html --> ftp.sambartlett.id.au /resume experience.html
2003.10.16 14:19 B D:\resume\headerpage.html --> ftp.sambartlett.id.au /resume headerpage.html
2003.10.16 14:19 B D:\resume\index.html --> ftp.sambartlett.id.au /resume index.html
2003.10.16 14:19 B D:\resume\interests.html --> ftp.sambartlett.id.au /resume interests.html
2003.10.16 14:19 B D:\resume\references.html --> ftp.sambartlett.id.au /resume references.html
2003.10.16 14:19 B D:\resume\titlepage.html --> ftp.sambartlett.id.au /resume titlepage.html
2003.10.26 17:54 B D:\resume\education.html --> ftp.sambartlett.id.au /resume education.html
2003.10.26 17:54 B D:\resume\experience.html --> ftp.sambartlett.id.au /resume experience.html
2003.10.26 17:54 B D:\resume\interests.html --> ftp.sambartlett.id.au /resume interests.html
2003.10.26 17:55 B D:\resume\references.html --> ftp.sambartlett.id.au /resume references.html
2003.10.26 17:55 B D:\resume\titlepage.html --> ftp.sambartlett.id.au /resume titlepage.html
2003.10.26 17:59 B D:\resume\achievments.html --> ftp.sambartlett.id.au /resume achievments.html
2003.10.26 17:59 B D:\resume\education.html --> ftp.sambartlett.id.au /resume education.html
2003.10.26 18:00 B D:\resume\achievments.html --> ftp.sambartlett.id.au /resume achievments.html
2003.10.26 18:02 B D:\resume\references.html --> ftp.sambartlett.id.au /resume references.html
2003.10.26 18:03 B D:\resume\references.html --> ftp.sambartlett.id.au /resume references.html
2003.10.26 18:06 B D:\resume\education.html --> ftp.sambartlett.id.au /resume education.html
2003.10.26 18:11 B D:\resume\education.html --> ftp.sambartlett.id.au /resume education.html
2003.11.02 16:31 B D:\resume\achievments.html --> ftp.sambartlett.id.au /resume achievments.html
2003.11.02 16:31 B D:\resume\education.html --> ftp.sambartlett.id.au /resume education.html
2003.11.02 16:31 B D:\resume\experience.html --> ftp.sambartlett.id.au /resume experience.html
2003.11.02 16:31 B D:\resume\headerpage.html --> ftp.sambartlett.id.au /resume headerpage.html
2003.11.02 16:31 B D:\resume\interests.html --> ftp.sambartlett.id.au /resume interests.html
2003.11.02 16:31 B D:\resume\references.html --> ftp.sambartlett.id.au /resume references.html
2003.11.02 16:31 B D:\resume\titlepage.html --> ftp.sambartlett.id.au /resume titlepage.html
2003.11.18 12:07 A D:\resume\titlepage.html --> ftp.sambartlett.id.au /resume titlepage.html
2003.11.18 12:07 A D:\resume\titlepage.html --> ftp.sambartlett.id.au /resume titlepage.html
2003.11.18 12:08 A D:\resume\titlepage.html --> ftp.sambartlett.id.au /resume titlepage.html
2003.11.18 12:22 B D:\resume\achbuttonactive.gif --> ftp.sambartlett.id.au / achbuttonactive.gif
2003.11.18 12:22 B D:\resume\achbuttoninactive.gif --> ftp.sambartlett.id.au / achbuttoninactive.gif
2003.11.18 12:22 B D:\resume\achievments.html --> ftp.sambartlett.id.au / achievments.html
2003.11.18 12:22 B D:\resume\bluepage.html --> ftp.sambartlett.id.au / bluepage.html
2003.11.18 12:22 B D:\resume\cornice.gif --> ftp.sambartlett.id.au / cornice.gif
2003.11.18 12:22 B D:\resume\cornicebotleft.gif --> ftp.sambartlett.id.au / cornicebotleft.gif
2003.11.18 12:22 B D:\resume\cornicebotrigh.gif --> ftp.sambartlett.id.au / cornicebotrigh.gif
2003.11.18 12:22 B D:\resume\corniceright.gif --> ftp.sambartlett.id.au / corniceright.gif
2003.11.18 12:22 B D:\resume\edubuttonactive.gif --> ftp.sambartlett.id.au / edubuttonactive.gif
2003.11.18 12:22 B D:\resume\edubuttoninactive.gif --> ftp.sambartlett.id.au / edubuttoninactive.gif
2003.11.18 12:22 B D:\resume\education.html --> ftp.sambartlett.id.au / education.html
2003.11.18 12:22 B D:\resume\expbuttonactive.gif --> ftp.sambartlett.id.au / expbuttonactive.gif
2003.11.18 12:22 B D:\resume\expbuttoninactive.gif --> ftp.sambartlett.id.au / expbuttoninactive.gif
2003.11.18 12:22 B D:\resume\experience.html --> ftp.sambartlett.id.au / experience.html
2003.11.18 12:22 B D:\resume\headerpage.html --> ftp.sambartlett.id.au / headerpage.html
2003.11.18 12:22 B D:\resume\index.html --> ftp.sambartlett.id.au / index.html
2003.11.18 12:22 B D:\resume\intbuttonactive.gif --> ftp.sambartlett.id.au / intbuttonactive.gif
2003.11.18 12:22 B D:\resume\intbuttoninactive.gif --> ftp.sambartlett.id.au / intbuttoninactive.gif
2003.11.18 12:22 B D:\resume\interests.html --> ftp.sambartlett.id.au / interests.html
2003.11.18 12:22 B D:\resume\leftbuff.gif --> ftp.sambartlett.id.au / leftbuff.gif
2003.11.18 12:22 B D:\resume\meanim2.gif --> ftp.sambartlett.id.au / meanim2.gif
2003.11.18 12:22 B D:\resume\refbuttonactive.gif --> ftp.sambartlett.id.au / refbuttonactive.gif
2003.11.18 12:22 B D:\resume\refbuttoninactive.gif --> ftp.sambartlett.id.au / refbuttoninactive.gif
2003.11.18 12:22 B D:\resume\references.html --> ftp.sambartlett.id.au / references.html
2003.11.18 12:22 B D:\resume\rightbuff.gif --> ftp.sambartlett.id.au / rightbuff.gif
2003.11.18 12:23 B D:\resume\Thumbs.db --> ftp.sambartlett.id.au / Thumbs.db
2003.11.18 12:23 B D:\resume\title.gif --> ftp.sambartlett.id.au / title.gif
2003.11.18 12:23 B D:\resume\titlebuttonactive.gif --> ftp.sambartlett.id.au / titlebuttonactive.gif
2003.11.18 12:23 B D:\resume\titlebuttoninactive.gif --> ftp.sambartlett.id.au / titlebuttoninactive.gif
2003.11.18 12:23 B D:\resume\titlepage.html --> ftp.sambartlett.id.au / titlepage.html
2003.11.18 12:26 B D:\resume\Hosp.gif <-- sambarrtlett.id.au /resume Hosp.gif
2003.11.18 12:27 B D:\resume\infotech.gif <-- sambarrtlett.id.au /resume infotech.gif
2003.11.18 12:28 B D:\resume\Monash.gif <-- sambarrtlett.id.au /resume Monash.gif
2003.11.18 12:28 B D:\resume\reference.gif <-- sambarrtlett.id.au /resume reference.gif
2003.11.18 12:29 B D:\resume\RSA.gif <-- sambarrtlett.id.au /resume RSA.gif
2003.11.18 12:29 B D:\resume\VCE.gif <-- sambarrtlett.id.au /resume VCE.gif
2003.11.18 12:31 B D:\resume\Hosp.gif --> ftp.sambartlett.id.au / Hosp.gif
2003.11.18 12:32 B D:\resume\infotech.gif --> ftp.sambartlett.id.au / infotech.gif
2003.11.18 12:33 B D:\resume\Monash.gif --> ftp.sambartlett.id.au / Monash.gif
2003.11.18 12:33 B D:\resume\reference.gif --> ftp.sambartlett.id.au / reference.gif
2003.11.18 12:34 B D:\resume\RSA.gif --> ftp.sambartlett.id.au / RSA.gif
2003.11.18 12:35 B D:\resume\VCE.gif --> ftp.sambartlett.id.au / VCE.gif
